This is pdfTeX, Version 3.14159265-2.6-1.40.17 (MiKTeX 2.9.6210 64-bit) (preloaded format=pdflatex 2017.2.21)  14 MAR 2017 21:37
entering extended mode
**./report.tex
(report.tex
LaTeX2e <2017/01/01> patch level 1
Babel <3.9r> and hyphenation patterns for 75 language(s) loaded.
\@input{settings.aux}
\openout2 = `settings.aux'.

(settings.tex
("C:\Users\Alex\AppData\Local\Programs\MiKTeX 2.9\tex\latex\extsizes\extarticle
.cls"
Document Class: extarticle 1996/10/08 v1.0 Non Standard LaTeX document class
("C:\Users\Alex\AppData\Local\Programs\MiKTeX 2.9\tex\latex\base\size12.clo"
File: size12.clo 2014/09/29 v1.4h Standard LaTeX file (size option)
)
("C:\Users\Alex\AppData\Local\Programs\MiKTeX 2.9\tex\latex\base\exscale.sty"
Package: exscale 2014/09/29 v2.1h Standard LaTeX package exscale
LaTeX Font Info:    Redeclaring symbol font `largesymbols' on input line 57.
LaTeX Font Info:    Overwriting symbol font `largesymbols' in version `normal'
(Font)                  OMX/cmex/m/n --> OMX/cmex/m/n on input line 57.
LaTeX Font Info:    Overwriting symbol font `largesymbols' in version `bold'
(Font)                  OMX/cmex/m/n --> OMX/cmex/m/n on input line 57.
\big@size=\dimen102
)
\c@part=\count79
\c@section=\count80
\c@subsection=\count81
\c@subsubsection=\count82
\c@paragraph=\count83
\c@subparagraph=\count84
\c@figure=\count85
\c@table=\count86
\abovecaptionskip=\skip41
\belowcaptionskip=\skip42
\bibindent=\dimen103
) ("C:\Users\Alex\AppData\Local\Programs\MiKTeX 2.9\tex\latex\base\inputenc.sty
"
Package: inputenc 2015/03/17 v1.2c Input encoding file
\inpenc@prehook=\toks14
\inpenc@posthook=\toks15
("C:\Users\Alex\AppData\Local\Programs\MiKTeX 2.9\tex\latex\ucs\utf8x.def"
File: utf8x.def 2004/10/17 UCS: Input encoding UTF-8
))
("C:\Users\Alex\AppData\Local\Programs\MiKTeX 2.9\tex\latex\ucs\ucs.sty"
Package: ucs 2013/05/11 v2.2 UCS: Unicode input support

("C:\Users\Alex\AppData\Local\Programs\MiKTeX 2.9\tex\latex\ucs\uni-global.def"
File: uni-global.def 2013/05/13 UCS: Unicode global data
)
\uc@secondtry=\count87
\uc@combtoks=\toks16
\uc@combtoksb=\toks17
\uc@temptokena=\toks18
) ("C:\Users\Alex\AppData\Local\Programs\MiKTeX 2.9\tex\latex\base\fontenc.sty"
Package: fontenc 2017/01/24 v2.0c Standard LaTeX package
 ("C:\Users\Alex\AppData\Local\Programs\MiKTeX 2.9\tex\latex\base\t1enc.def"
File: t1enc.def 2017/01/24 v2.0c Standard LaTeX file
LaTeX Font Info:    Redeclaring font encoding T1 on input line 48.
)
("C:\Users\Alex\AppData\Local\Programs\MiKTeX 2.9\tex\latex\cyrillic\t2aenc.def
"
File: t2aenc.def 2005/09/27 v1.0i Cyrillic encoding definition file
)
LaTeX Font Info:    Try loading font information for T2A+cmr on input line 105.


("C:\Users\Alex\AppData\Local\Programs\MiKTeX 2.9\tex\latex\cyrillic\t2acmr.fd"
File: t2acmr.fd 2001/08/11 v1.0a Computer Modern Cyrillic font definitions
)) ("C:\Users\Alex\AppData\Local\Programs\MiKTeX 2.9\tex\generic\babel\babel.st
y"
Package: babel 2016/04/23 3.9r The Babel package

*************************************
* Local config file bblopts.cfg used
*
("C:\Users\Alex\AppData\Local\Programs\MiKTeX 2.9\tex\latex\arabi\bblopts.cfg"
File: bblopts.cfg 2005/09/08 v0.1 add Arabic and Farsi to "declared" options of
 babel
)
("C:\Users\Alex\AppData\Local\Programs\MiKTeX 2.9\tex\latex\babel-russian\russi
anb.ldf"
Language: russianb 2017/01/12 1.3i Russian support for the Babel system

("C:\Users\Alex\AppData\Local\Programs\MiKTeX 2.9\tex\generic\babel\babel.def"
File: babel.def 2016/04/23 3.9r Babel common definitions
\babel@savecnt=\count88
\U@D=\dimen104
)
Package babel Info: Making " an active character on input line 111.
))
("C:\Users\Alex\AppData\Local\Programs\MiKTeX 2.9\tex\latex\hyperref\hyperref.s
ty"
Package: hyperref 2016/06/24 v6.83q Hypertext links for LaTeX

("C:\Users\Alex\AppData\Local\Programs\MiKTeX 2.9\tex\generic\oberdiek\hobsub-h
yperref.sty"
Package: hobsub-hyperref 2016/05/16 v1.14 Bundle oberdiek, subset hyperref (HO)


("C:\Users\Alex\AppData\Local\Programs\MiKTeX 2.9\tex\generic\oberdiek\hobsub-g
eneric.sty"
Package: hobsub-generic 2016/05/16 v1.14 Bundle oberdiek, subset generic (HO)
Package: hobsub 2016/05/16 v1.14 Construct package bundles (HO)
Package: infwarerr 2016/05/16 v1.4 Providing info/warning/error messages (HO)
Package: ltxcmds 2016/05/16 v1.23 LaTeX kernel commands for general use (HO)
Package: ifluatex 2016/05/16 v1.4 Provides the ifluatex switch (HO)
Package ifluatex Info: LuaTeX not detected.
Package: ifvtex 2016/05/16 v1.6 Detect VTeX and its facilities (HO)
Package ifvtex Info: VTeX not detected.
Package: intcalc 2016/05/16 v1.2 Expandable calculations with integers (HO)
Package: ifpdf 2016/05/14 v3.1 Provides the ifpdf switch
Package: etexcmds 2016/05/16 v1.6 Avoid name clashes with e-TeX commands (HO)
Package etexcmds Info: Could not find \expanded.
(etexcmds)             That can mean that you are not using pdfTeX 1.50 or
(etexcmds)             that some package has redefined \expanded.
(etexcmds)             In the latter case, load this package earlier.
Package: kvsetkeys 2016/05/16 v1.17 Key value parser (HO)
Package: kvdefinekeys 2016/05/16 v1.4 Define keys (HO)
Package: pdftexcmds 2016/05/21 v0.22 Utility functions of pdfTeX for LuaTeX (HO
)
Package pdftexcmds Info: LuaTeX not detected.
Package pdftexcmds Info: \pdf@primitive is available.
Package pdftexcmds Info: \pdf@ifprimitive is available.
Package pdftexcmds Info: \pdfdraftmode found.
Package: pdfescape 2016/05/16 v1.14 Implements pdfTeX's escape features (HO)
Package: bigintcalc 2016/05/16 v1.4 Expandable calculations on big integers (HO
)
Package: bitset 2016/05/16 v1.2 Handle bit-vector datatype (HO)
Package: uniquecounter 2016/05/16 v1.3 Provide unlimited unique counter (HO)
)
Package hobsub Info: Skipping package `hobsub' (already loaded).
Package: letltxmacro 2016/05/16 v1.5 Let assignment for LaTeX macros (HO)
Package: hopatch 2016/05/16 v1.3 Wrapper for package hooks (HO)
Package: xcolor-patch 2016/05/16 xcolor patch
Package: atveryend 2016/05/16 v1.9 Hooks at the very end of document (HO)
Package atveryend Info: \enddocument detected (standard20110627).
Package: atbegshi 2016/06/09 v1.18 At begin shipout hook (HO)
Package: refcount 2016/05/16 v3.5 Data extraction from label references (HO)
Package: hycolor 2016/05/16 v1.8 Color options for hyperref/bookmark (HO)
)
("C:\Users\Alex\AppData\Local\Programs\MiKTeX 2.9\tex\latex\graphics\keyval.sty
"
Package: keyval 2014/10/28 v1.15 key=value parser (DPC)
\KV@toks@=\toks19
)
("C:\Users\Alex\AppData\Local\Programs\MiKTeX 2.9\tex\generic\ifxetex\ifxetex.s
ty"
Package: ifxetex 2010/09/12 v0.6 Provides ifxetex conditional
)
("C:\Users\Alex\AppData\Local\Programs\MiKTeX 2.9\tex\latex\oberdiek\auxhook.st
y"
Package: auxhook 2016/05/16 v1.4 Hooks for auxiliary files (HO)
)
("C:\Users\Alex\AppData\Local\Programs\MiKTeX 2.9\tex\latex\oberdiek\kvoptions.
sty"
Package: kvoptions 2016/05/16 v3.12 Key value format for package options (HO)
)
\@linkdim=\dimen105
\Hy@linkcounter=\count89
\Hy@pagecounter=\count90

("C:\Users\Alex\AppData\Local\Programs\MiKTeX 2.9\tex\latex\hyperref\pd1enc.def
"
File: pd1enc.def 2016/06/24 v6.83q Hyperref: PDFDocEncoding definition (HO)
)
\Hy@SavedSpaceFactor=\count91
Package hyperref Info: Option `unicode' set `true' on input line 3453.

("C:\Users\Alex\AppData\Local\Programs\MiKTeX 2.9\tex\latex\hyperref\puenc.def"
File: puenc.def 2016/06/24 v6.83q Hyperref: PDF Unicode definition (HO)
)
("C:\Users\Alex\AppData\Local\Programs\MiKTeX 2.9\tex\latex\00miktex\hyperref.c
fg"
File: hyperref.cfg 2002/06/06 v1.2 hyperref configuration of TeXLive
)
Package hyperref Info: Hyper figures OFF on input line 4486.
Package hyperref Info: Link nesting OFF on input line 4491.
Package hyperref Info: Hyper index ON on input line 4494.
Package hyperref Info: Plain pages OFF on input line 4501.
Package hyperref Info: Backreferencing OFF on input line 4506.
Package hyperref Info: Implicit mode ON; LaTeX internals redefined.
Package hyperref Info: Bookmarks ON on input line 4735.
\c@Hy@tempcnt=\count92
 ("C:\Users\Alex\AppData\Local\Programs\MiKTeX 2.9\tex\latex\url\url.sty"
\Urlmuskip=\muskip10
Package: url 2013/09/16  ver 3.4  Verb mode for urls, etc.
)
LaTeX Info: Redefining \url on input line 5088.
\XeTeXLinkMargin=\dimen106
\Fld@menulength=\count93
\Field@Width=\dimen107
\Fld@charsize=\dimen108
Package hyperref Info: Hyper figures OFF on input line 6342.
Package hyperref Info: Link nesting OFF on input line 6347.
Package hyperref Info: Hyper index ON on input line 6350.
Package hyperref Info: backreferencing OFF on input line 6357.
Package hyperref Info: Link coloring OFF on input line 6362.
Package hyperref Info: Link coloring with OCG OFF on input line 6367.
Package hyperref Info: PDF/A mode OFF on input line 6372.
LaTeX Info: Redefining \ref on input line 6412.
LaTeX Info: Redefining \pageref on input line 6416.
\Hy@abspage=\count94
\c@Item=\count95
\c@Hfootnote=\count96
)

Package hyperref Message: Driver (autodetected): hpdftex.


("C:\Users\Alex\AppData\Local\Programs\MiKTeX 2.9\tex\latex\hyperref\hpdftex.de
f"
File: hpdftex.def 2016/06/24 v6.83q Hyperref driver for pdfTeX
\Fld@listcount=\count97
\c@bookmark@seq@number=\count98

("C:\Users\Alex\AppData\Local\Programs\MiKTeX 2.9\tex\latex\oberdiek\rerunfilec
heck.sty"
Package: rerunfilecheck 2016/05/16 v1.8 Rerun checks for auxiliary files (HO)
Package uniquecounter Info: New unique counter `rerunfilecheck' on input line 2
82.
)
\Hy@SectionHShift=\skip43
)
("C:\Users\Alex\AppData\Local\Programs\MiKTeX 2.9\tex\latex\tools\indentfirst.s
ty"
Package: indentfirst 1995/11/23 v1.03 Indent first paragraph (DPC)
)
("C:\Users\Alex\AppData\Local\Programs\MiKTeX 2.9\tex\latex\listings\listings.s
ty"
\lst@mode=\count99
\lst@gtempboxa=\box26
\lst@token=\toks20
\lst@length=\count100
\lst@currlwidth=\dimen109
\lst@column=\count101
\lst@pos=\count102
\lst@lostspace=\dimen110
\lst@width=\dimen111
\lst@newlines=\count103
\lst@lineno=\count104
\lst@maxwidth=\dimen112

("C:\Users\Alex\AppData\Local\Programs\MiKTeX 2.9\tex\latex\listings\lstmisc.st
y"
File: lstmisc.sty 2015/06/04 1.6 (Carsten Heinz)
\c@lstnumber=\count105
\lst@skipnumbers=\count106
\lst@framebox=\box27
)
("C:\Users\Alex\AppData\Local\Programs\MiKTeX 2.9\tex\latex\listings\listings.c
fg"
File: listings.cfg 2015/06/04 1.6 listings configuration
))
Package: listings 2015/06/04 1.6 (Carsten Heinz)

("C:\Users\Alex\AppData\Local\Programs\MiKTeX 2.9\tex\latex\graphics\color.sty"
Package: color 2016/07/10 v1.1e Standard LaTeX Color (DPC)

("C:\Users\Alex\AppData\Local\Programs\MiKTeX 2.9\tex\latex\graphics-cfg\color.
cfg"
File: color.cfg 2016/01/02 v1.6 sample color configuration
)
Package color Info: Driver file: pdftex.def on input line 147.

("C:\Users\Alex\AppData\Local\Programs\MiKTeX 2.9\tex\latex\graphics-def\pdftex
.def"
File: pdftex.def 2017/01/12 v0.06k Graphics/color for pdfTeX
\Gread@gobject=\count107
))
("C:\Users\Alex\AppData\Local\Programs\MiKTeX 2.9\tex\latex\ltxmisc\here.sty")
("C:\Users\Alex\AppData\Local\Programs\MiKTeX 2.9\tex\latex\tools\array.sty"
Package: array 2016/10/06 v2.4d Tabular extension package (FMi)
\col@sep=\dimen113
\extrarowheight=\dimen114
\NC@list=\toks21
\extratabsurround=\skip44
\backup@length=\skip45
)
("C:\Users\Alex\AppData\Local\Programs\MiKTeX 2.9\tex\latex\multirow\multirow.s
ty"
Package: multirow 2016/11/25 v2.2 Span multiple rows of a table
\multirow@colwidth=\skip46
\multirow@cntb=\count108
\multirow@dima=\skip47
\bigstrutjot=\dimen115
)
("C:\Users\Alex\AppData\Local\Programs\MiKTeX 2.9\tex\latex\graphics\graphicx.s
ty"
Package: graphicx 2014/10/28 v1.0g Enhanced LaTeX Graphics (DPC,SPQR)

("C:\Users\Alex\AppData\Local\Programs\MiKTeX 2.9\tex\latex\graphics\graphics.s
ty"
Package: graphics 2016/10/09 v1.0u Standard LaTeX Graphics (DPC,SPQR)

("C:\Users\Alex\AppData\Local\Programs\MiKTeX 2.9\tex\latex\graphics\trig.sty"
Package: trig 2016/01/03 v1.10 sin cos tan (DPC)
)
("C:\Users\Alex\AppData\Local\Programs\MiKTeX 2.9\tex\latex\graphics-cfg\graphi
cs.cfg"
File: graphics.cfg 2016/06/04 v1.11 sample graphics configuration
)
Package graphics Info: Driver file: pdftex.def on input line 99.
)
\Gin@req@height=\dimen116
\Gin@req@width=\dimen117
)
("C:\Users\Alex\AppData\Local\Programs\MiKTeX 2.9\tex\latex\amsmath\amsmath.sty
"
Package: amsmath 2016/11/05 v2.16a AMS math features
\@mathmargin=\skip48

For additional information on amsmath, use the `?' option.
("C:\Users\Alex\AppData\Local\Programs\MiKTeX 2.9\tex\latex\amsmath\amstext.sty
"
Package: amstext 2000/06/29 v2.01 AMS text
 ("C:\Users\Alex\AppData\Local\Programs\MiKTeX 2.9\tex\latex\amsmath\amsgen.sty
"
File: amsgen.sty 1999/11/30 v2.0 generic functions
\@emptytoks=\toks22
\ex@=\dimen118
))
("C:\Users\Alex\AppData\Local\Programs\MiKTeX 2.9\tex\latex\amsmath\amsbsy.sty"
Package: amsbsy 1999/11/29 v1.2d Bold Symbols
\pmbraise@=\dimen119
) ("C:\Users\Alex\AppData\Local\Programs\MiKTeX 2.9\tex\latex\amsmath\amsopn.st
y"
Package: amsopn 2016/03/08 v2.02 operator names
)
\inf@bad=\count109
LaTeX Info: Redefining \frac on input line 213.
\uproot@=\count110
\leftroot@=\count111
LaTeX Info: Redefining \overline on input line 375.
\classnum@=\count112
\DOTSCASE@=\count113
LaTeX Info: Redefining \ldots on input line 472.
LaTeX Info: Redefining \dots on input line 475.
LaTeX Info: Redefining \cdots on input line 596.
\Mathstrutbox@=\box28
\strutbox@=\box29
\big@size=\dimen120
LaTeX Font Info:    Redeclaring font encoding OML on input line 712.
LaTeX Font Info:    Redeclaring font encoding OMS on input line 713.
\macc@depth=\count114
\c@MaxMatrixCols=\count115
\dotsspace@=\muskip11
\c@parentequation=\count116
\dspbrk@lvl=\count117
\tag@help=\toks23
\row@=\count118
\column@=\count119
\maxfields@=\count120
\andhelp@=\toks24
\eqnshift@=\dimen121
\alignsep@=\dimen122
\tagshift@=\dimen123
\tagwidth@=\dimen124
\totwidth@=\dimen125
\lineht@=\dimen126
\@envbody=\toks25
\multlinegap=\skip49
\multlinetaggap=\skip50
\mathdisplay@stack=\toks26
LaTeX Info: Redefining \[ on input line 2817.
LaTeX Info: Redefining \] on input line 2818.
)
("C:\Users\Alex\AppData\Local\Programs\MiKTeX 2.9\tex\latex\amsfonts\amssymb.st
y"
Package: amssymb 2013/01/14 v3.01 AMS font symbols

("C:\Users\Alex\AppData\Local\Programs\MiKTeX 2.9\tex\latex\amsfonts\amsfonts.s
ty"
Package: amsfonts 2013/01/14 v3.01 Basic AMSFonts support
\symAMSa=\mathgroup4
\symAMSb=\mathgroup5
LaTeX Font Info:    Overwriting math alphabet `\mathfrak' in version `bold'
(Font)                  U/euf/m/n --> U/euf/b/n on input line 106.
))
("C:\Users\Alex\AppData\Local\Programs\MiKTeX 2.9\tex\latex\caption\caption.sty
"
Package: caption 2016/02/21 v3.3-144 Customizing captions (AR)

("C:\Users\Alex\AppData\Local\Programs\MiKTeX 2.9\tex\latex\caption\caption3.st
y"
Package: caption3 2016/05/22 v1.7-166 caption3 kernel (AR)
Package caption3 Info: TeX engine: e-TeX on input line 67.
\captionmargin=\dimen127
\captionmargin@=\dimen128
\captionwidth=\dimen129
\caption@tempdima=\dimen130
\caption@indent=\dimen131
\caption@parindent=\dimen132
\caption@hangindent=\dimen133
)
\c@ContinuedFloat=\count121
Package caption Info: hyperref package is loaded.
Package caption Info: listings package is loaded.
)
("C:\Users\Alex\AppData\Local\Programs\MiKTeX 2.9\tex\latex\listings\lstlang1.s
ty"
File: lstlang1.sty 2015/06/04 1.6 listings language file
)
("C:\Users\Alex\AppData\Local\Programs\MiKTeX 2.9\tex\latex\listings\lstmisc.st
y"
File: lstmisc.sty 2015/06/04 1.6 (Carsten Heinz)
)
("C:\Users\Alex\AppData\Local\Programs\MiKTeX 2.9\tex\latex\geometry\geometry.s
ty"
Package: geometry 2010/09/12 v5.6 Page Geometry
\Gm@cnth=\count122
\Gm@cntv=\count123
\c@Gm@tempcnt=\count124
\Gm@bindingoffset=\dimen134
\Gm@wd@mp=\dimen135
\Gm@odd@mp=\dimen136
\Gm@even@mp=\dimen137
\Gm@layoutwidth=\dimen138
\Gm@layoutheight=\dimen139
\Gm@layouthoffset=\dimen140
\Gm@layoutvoffset=\dimen141
\Gm@dimlist=\toks27

("C:\Users\Alex\AppData\Local\Programs\MiKTeX 2.9\tex\latex\geometry\geometry.c
fg"))
("C:\Users\Alex\AppData\Local\Programs\MiKTeX 2.9\tex\latex\chngcntr\chngcntr.s
ty"
Package: chngcntr 2009/09/02 v1.0a change counter resetting
)
("C:\Users\Alex\AppData\Local\Programs\MiKTeX 2.9\tex\latex\titlesec\titlesec.s
ty"
Package: titlesec 2016/03/21 v2.10.2 Sectioning titles
\ttl@box=\box30
\beforetitleunit=\skip51
\aftertitleunit=\skip52
\ttl@plus=\dimen142
\ttl@minus=\dimen143
\ttl@toksa=\toks28
\titlewidth=\dimen144
\titlewidthlast=\dimen145
\titlewidthfirst=\dimen146
)
("C:\Users\Alex\AppData\Local\Programs\MiKTeX 2.9\tex\latex\titlesec\titletoc.s
ty"
Package: titletoc 2011/12/15 v1.6 TOC entries
\ttl@leftsep=\dimen147
)) (report.aux (titlepage.aux) (ToC.aux))
\openout1 = `report.aux'.

LaTeX Font Info:    Checking defaults for OML/cmm/m/it on input line 3.
LaTeX Font Info:    ... okay on input line 3.
LaTeX Font Info:    Checking defaults for T1/cmr/m/n on input line 3.
LaTeX Font Info:    ... okay on input line 3.
LaTeX Font Info:    Checking defaults for OT1/cmr/m/n on input line 3.
LaTeX Font Info:    ... okay on input line 3.
LaTeX Font Info:    Checking defaults for OMS/cmsy/m/n on input line 3.
LaTeX Font Info:    ... okay on input line 3.
LaTeX Font Info:    Checking defaults for OMX/cmex/m/n on input line 3.
LaTeX Font Info:    ... okay on input line 3.
LaTeX Font Info:    Checking defaults for U/cmr/m/n on input line 3.
LaTeX Font Info:    ... okay on input line 3.
LaTeX Font Info:    Checking defaults for T2A/cmr/m/n on input line 3.
LaTeX Font Info:    ... okay on input line 3.
LaTeX Font Info:    Checking defaults for PD1/pdf/m/n on input line 3.
LaTeX Font Info:    ... okay on input line 3.
LaTeX Font Info:    Checking defaults for PU/pdf/m/n on input line 3.
LaTeX Font Info:    ... okay on input line 3.

("C:\Users\Alex\AppData\Local\Programs\MiKTeX 2.9\tex\latex\ucs\ucsencs.def"
File: ucsencs.def 2011/01/21 Fixes to fontencodings LGR, T3
)
\AtBeginShipoutBox=\box31
Package hyperref Info: Link coloring OFF on input line 3.

("C:\Users\Alex\AppData\Local\Programs\MiKTeX 2.9\tex\latex\hyperref\nameref.st
y"
Package: nameref 2016/05/21 v2.44 Cross-referencing by name of section

("C:\Users\Alex\AppData\Local\Programs\MiKTeX 2.9\tex\generic\oberdiek\gettitle
string.sty"
Package: gettitlestring 2016/05/16 v1.5 Cleanup title references (HO)
)
\c@section@level=\count125
)
LaTeX Info: Redefining \ref on input line 3.
LaTeX Info: Redefining \pageref on input line 3.
LaTeX Info: Redefining \nameref on input line 3.
 (report.out) (report.out)
\@outlinefile=\write3
\openout3 = `report.out'.

\c@lstlisting=\count126

("C:\Users\Alex\AppData\Local\Programs\MiKTeX 2.9\tex\context\base\supp-pdf.mki
i"
[Loading MPS to PDF converter (version 2006.09.02).]
\scratchcounter=\count127
\scratchdimen=\dimen148
\scratchbox=\box32
\nofMPsegments=\count128
\nofMParguments=\count129
\everyMPshowfont=\toks29
\MPscratchCnt=\count130
\MPscratchDim=\dimen149
\MPnumerator=\count131
\makeMPintoPDFobject=\count132
\everyMPtoPDFconversion=\toks30
)
("C:\Users\Alex\AppData\Local\Programs\MiKTeX 2.9\tex\latex\oberdiek\epstopdf-b
ase.sty"
Package: epstopdf-base 2016/05/15 v2.6 Base part for package epstopdf

("C:\Users\Alex\AppData\Local\Programs\MiKTeX 2.9\tex\latex\oberdiek\grfext.sty
"
Package: grfext 2016/05/16 v1.2 Manage graphics extensions (HO)
)
Package epstopdf-base Info: Redefining graphics rule for `.eps' on input line 4
38.
Package grfext Info: Graphics extension search list:
(grfext)             [.png,.pdf,.jpg,.mps,.jpeg,.jbig2,.jb2,.PNG,.PDF,.JPG,.JPE
G,.JBIG2,.JB2,.eps]
(grfext)             \AppendGraphicsExtensions on input line 456.
)
Package caption Info: Begin \AtBeginDocument code.
Package caption Info: End \AtBeginDocument code.

*geometry* driver: auto-detecting
*geometry* detected driver: pdftex
*geometry* verbose mode - [ preamble ] result:
* driver: pdftex
* paper: a4paper
* layout: <same size as paper>
* layoutoffset:(h,v)=(0.0pt,0.0pt)
* modes: 
* h-part:(L,W,R)=(56.9055pt, 483.69687pt, 56.9055pt)
* v-part:(T,H,B)=(56.9055pt, 731.23584pt, 56.9055pt)
* \paperwidth=597.50787pt
* \paperheight=845.04684pt
* \textwidth=483.69687pt
* \textheight=731.23584pt
* \oddsidemargin=-15.36449pt
* \evensidemargin=-15.36449pt
* \topmargin=-52.36449pt
* \headheight=12.0pt
* \headsep=25.0pt
* \topskip=12.0pt
* \footskip=30.0pt
* \marginparwidth=35.0pt
* \marginparsep=10.0pt
* \columnsep=10.0pt
* \skip\footins=10.8pt plus 4.0pt minus 2.0pt
* \hoffset=0.0pt
* \voffset=0.0pt
* \mag=1000
* \@twocolumnfalse
* \@twosidefalse
* \@mparswitchfalse
* \@reversemarginfalse
* (1in=72.27pt=25.4mm, 1cm=28.453pt)

\openout2 = `titlepage.aux'.

(titlepage.tex
("C:\Users\Alex\AppData\Local\Programs\MiKTeX 2.9\tex\latex\ucs\uni-4.def"
File: uni-4.def 2013/05/13 UCS: Unicode data U+0400..U+04FF
)
("C:\Users\Alex\AppData\Local\Programs\MiKTeX 2.9\tex\latex\ucs\uni-33.def"
File: uni-33.def 2013/05/13 UCS: Unicode data U+2100..U+21FF
)
LaTeX Font Info:    Try loading font information for U+msa on input line 29.

("C:\Users\Alex\AppData\Local\Programs\MiKTeX 2.9\tex\latex\amsfonts\umsa.fd"
File: umsa.fd 2013/01/14 v3.01 AMS symbols A
)
LaTeX Font Info:    Try loading font information for U+msb on input line 29.

("C:\Users\Alex\AppData\Local\Programs\MiKTeX 2.9\tex\latex\amsfonts\umsb.fd"
File: umsb.fd 2013/01/14 v3.01 AMS symbols B
)
Package babel Info: Redefining russian shorthand "|
(babel)             in language append on input line 40.
Package babel Info: Redefining russian shorthand "~
(babel)             in language append on input line 40.
Package babel Info: Redefining russian shorthand "|
(babel)             in language append on input line 40.
Package babel Info: Redefining russian shorthand "~
(babel)             in language append on input line 40.

[1




{C:/Users/Alex/AppData/Local/MiKTeX/2.9/pdftex/config/pdftex.map}])
\openout2 = `ToC.aux'.

 (ToC.tex
(report.toc)
\tf@toc=\write4
\openout4 = `report.toc'.

Package babel Info: Redefining russian shorthand "|
(babel)             in language append on input line 4.
Package babel Info: Redefining russian shorthand "~
(babel)             in language append on input line 4.
Package babel Info: Redefining russian shorthand "|
(babel)             in language append on input line 4.
Package babel Info: Redefining russian shorthand "~
(babel)             in language append on input line 4.
pdfTeX warning (ext4): destination with the same identifier (name{page.1}) has 
been already used, duplicate ignored
<to be read again> 
                   \relax 
l.4 \newpage
             [1


])
Package babel Info: Redefining russian shorthand "|
(babel)             in language append on input line 12.
Package babel Info: Redefining russian shorthand "~
(babel)             in language append on input line 12.
Package babel Info: Redefining russian shorthand "|
(babel)             in language append on input line 15.
Package babel Info: Redefining russian shorthand "~
(babel)             in language append on input line 15.

("C:\Users\Alex\AppData\Local\Programs\MiKTeX 2.9\tex\latex\ucs\uni-32.def"
File: uni-32.def 2013/05/13 UCS: Unicode data U+2000..U+20FF
)
Package babel Info: Redefining russian shorthand "|
(babel)             in language append on input line 18.
Package babel Info: Redefining russian shorthand "~
(babel)             in language append on input line 18.
Package babel Info: Redefining russian shorthand "|
(babel)             in language append on input line 19.
Package babel Info: Redefining russian shorthand "~
(babel)             in language append on input line 19.
Package babel Info: Redefining russian shorthand "|
(babel)             in language append on input line 24.
Package babel Info: Redefining russian shorthand "~
(babel)             in language append on input line 24.


LaTeX Warning: Reference `pic:t1' on page 2 undefined on input line 25.

Package babel Info: Redefining russian shorthand "|
(babel)             in language append on input line 31.
Package babel Info: Redefining russian shorthand "~
(babel)             in language append on input line 31.
Package babel Info: Redefining russian shorthand "|
(babel)             in language append on input line 55.
Package babel Info: Redefining russian shorthand "~
(babel)             in language append on input line 55.
Package babel Info: Redefining russian shorthand "|
(babel)             in language append on input line 55.
Package babel Info: Redefining russian shorthand "~
(babel)             in language append on input line 55.
[2

]
Package babel Info: Redefining russian shorthand "|
(babel)             in language append on input line 56.
Package babel Info: Redefining russian shorthand "~
(babel)             in language append on input line 56.
Package babel Info: Redefining russian shorthand "|
(babel)             in language append on input line 71.
Package babel Info: Redefining russian shorthand "~
(babel)             in language append on input line 71.


LaTeX Warning: Reference `pic:t7_2' on page 3 undefined on input line 76.

Package babel Info: Redefining russian shorthand "|
(babel)             in language append on input line 81.
Package babel Info: Redefining russian shorthand "~
(babel)             in language append on input line 81.
Package babel Info: Redefining russian shorthand "|
(babel)             in language append on input line 98.
Package babel Info: Redefining russian shorthand "~
(babel)             in language append on input line 98.

LaTeX Warning: Reference `pic:t9_1' on page 3 undefined on input line 99.


LaTeX Warning: Reference `pic:t9_3' on page 3 undefined on input line 99.

Package babel Info: Redefining russian shorthand "|
(babel)             in language append on input line 105.
Package babel Info: Redefining russian shorthand "~
(babel)             in language append on input line 105.
Package babel Info: Redefining russian shorthand "|
(babel)             in language append on input line 105.
Package babel Info: Redefining russian shorthand "~
(babel)             in language append on input line 105.
[3]
Package babel Info: Redefining russian shorthand "|
(babel)             in language append on input line 111.
Package babel Info: Redefining russian shorthand "~
(babel)             in language append on input line 111.
Package babel Info: Redefining russian shorthand "|
(babel)             in language append on input line 123.
Package babel Info: Redefining russian shorthand "~
(babel)             in language append on input line 123.
Package babel Info: Redefining russian shorthand "|
(babel)             in language append on input line 140.
Package babel Info: Redefining russian shorthand "~
(babel)             in language append on input line 140.
Package babel Info: Redefining russian shorthand "|
(babel)             in language append on input line 142.
Package babel Info: Redefining russian shorthand "~
(babel)             in language append on input line 142.
Package babel Info: Redefining russian shorthand "|
(babel)             in language append on input line 147.
Package babel Info: Redefining russian shorthand "~
(babel)             in language append on input line 147.
Package babel Info: Redefining russian shorthand "|
(babel)             in language append on input line 147.
Package babel Info: Redefining russian shorthand "~
(babel)             in language append on input line 147.
 [4]
Package hyperref Info: bookmark level for unknown lstlisting defaults to 0 on i
nput line 147.
 (listings/m1.m
LaTeX Font Info:    Try loading font information for OMS+cmr on input line 7.

("C:\Users\Alex\AppData\Local\Programs\MiKTeX 2.9\tex\latex\base\omscmr.fd"
File: omscmr.fd 2014/09/29 v2.5h Standard LaTeX font definitions
)
LaTeX Font Info:    Font shape `OMS/cmr/m/n' in size <10> not available
(Font)              Font shape `OMS/cmsy/m/n' tried instead on input line 7.
)
<fig/g_1.png, id=187, 487.06969pt x 402.75468pt>
File: fig/g_1.png Graphic file (type png)
 <use fig/g_1.png>
Package pdftex.def Info: fig/g_1.png used on input line 153.
(pdftex.def)             Requested size: 340.94644pt x 281.92635pt.

("C:\Users\Alex\AppData\Local\Programs\MiKTeX 2.9\tex\latex\ucs\uni-0.def"
File: uni-0.def 2013/05/13 UCS: Unicode data U+0000..U+00FF
)
<fig/spec1.png, id=188, 389.95688pt x 306.39468pt>
File: fig/spec1.png Graphic file (type png)
 <use fig/spec1.png>
Package pdftex.def Info: fig/spec1.png used on input line 162.
(pdftex.def)             Requested size: 272.96794pt x 214.47481pt.
Package babel Info: Redefining russian shorthand "|
(babel)             in language append on input line 166.
Package babel Info: Redefining russian shorthand "~
(babel)             in language append on input line 166.
Package babel Info: Redefining russian shorthand "|
(babel)             in language append on input line 166.
Package babel Info: Redefining russian shorthand "~
(babel)             in language append on input line 166.
 [5 <./fig/g_1.png>]
Package babel Info: Redefining russian shorthand "|
(babel)             in language append on input line 169.
Package babel Info: Redefining russian shorthand "~
(babel)             in language append on input line 169.
 (listings/m2.m) <fig/g_2.png, id=212, 388.45125pt x 300.3722pt>
File: fig/g_2.png Graphic file (type png)

<use fig/g_2.png>
Package pdftex.def Info: fig/g_2.png used on input line 180.
(pdftex.def)             Requested size: 271.914pt x 210.2591pt.
Package babel Info: Redefining russian shorthand "|
(babel)             in language append on input line 185.
Package babel Info: Redefining russian shorthand "~
(babel)             in language append on input line 185.
Package babel Info: Redefining russian shorthand "|
(babel)             in language append on input line 185.
Package babel Info: Redefining russian shorthand "~
(babel)             in language append on input line 185.
 [6 <./fig/spec1.png>]
<fig/spec2.png, id=229, 384.6872pt x 305.64188pt>
File: fig/spec2.png Graphic file (type png)
 <use fig/spec2.png>
Package pdftex.def Info: fig/spec2.png used on input line 189.
(pdftex.def)             Requested size: 269.27919pt x 213.94785pt.
Package babel Info: Redefining russian shorthand "|
(babel)             in language append on input line 196.
Package babel Info: Redefining russian shorthand "~
(babel)             in language append on input line 196.

(listings/m3.m
Package babel Info: Redefining russian shorthand "|
(babel)             in language append on input line 6.
Package babel Info: Redefining russian shorthand "~
(babel)             in language append on input line 6.
Package babel Info: Redefining russian shorthand "|
(babel)             in language append on input line 6.
Package babel Info: Redefining russian shorthand "~
(babel)             in language append on input line 6.
 [7 <./fig/g_2.png> <./fig/spec2.png>])
<fig/g_3_1.png, id=240, 490.83376pt x 383.4325pt>
File: fig/g_3_1.png Graphic file (type png)
 <use fig/g_3_1.png>
Package pdftex.def Info: fig/g_3_1.png used on input line 207.
(pdftex.def)             Requested size: 343.58128pt x 268.40092pt.

<fig/g_3_2.png, id=241, 503.8825pt x 393.47pt>
File: fig/g_3_2.png Graphic file (type png)
 <use fig/g_3_2.png>
Package pdftex.def Info: fig/g_3_2.png used on input line 214.
(pdftex.def)             Requested size: 352.71535pt x 275.42711pt.

<fig/g_3_3.png, id=242, 493.845pt x 383.4325pt>
File: fig/g_3_3.png Graphic file (type png)
 <use fig/g_3_3.png>
Package pdftex.def Info: fig/g_3_3.png used on input line 221.
(pdftex.def)             Requested size: 345.68913pt x 268.40092pt.
Package babel Info: Redefining russian shorthand "|
(babel)             in language append on input line 225.
Package babel Info: Redefining russian shorthand "~
(babel)             in language append on input line 225.
Package babel Info: Redefining russian shorthand "|
(babel)             in language append on input line 225.
Package babel Info: Redefining russian shorthand "~
(babel)             in language append on input line 225.
 [8 <./fig/g_3_1.png (PNG copy)>] <fig/spec3_1.png, id=273, 370.38374pt x 298.8
6656pt>
File: fig/spec3_1.png Graphic file (type png)

<use fig/spec3_1.png>
Package pdftex.def Info: fig/spec3_1.png used on input line 230.
(pdftex.def)             Requested size: 259.26685pt x 209.20515pt.
 <fig/spec3_2.png, id=275, 367.3725pt x 295.85532pt>
File: fig/spec3_2.png Graphic file (type png)

<use fig/spec3_2.png>
Package pdftex.def Info: fig/spec3_2.png used on input line 237.
(pdftex.def)             Requested size: 257.15898pt x 207.0973pt.
Package babel Info: Redefining russian shorthand "|
(babel)             in language append on input line 241.
Package babel Info: Redefining russian shorthand "~
(babel)             in language append on input line 241.
Package babel Info: Redefining russian shorthand "|
(babel)             in language append on input line 241.
Package babel Info: Redefining russian shorthand "~
(babel)             in language append on input line 241.
 [9 <./fig/g_3_2.png (PNG copy)> <./fig/g_3_3.png (PNG copy)>] <fig/spec3_3.png
, id=282, 368.1253pt x 294.34969pt>
File: fig/spec3_3.png Graphic file (type png)
 <use fig/spec3_3.png>
Package pdftex.def Info: fig/spec3_3.png used on input line 244.
(pdftex.def)             Requested size: 257.68596pt x 206.04337pt.
Package babel Info: Redefining russian shorthand "|
(babel)             in language append on input line 249.
Package babel Info: Redefining russian shorthand "~
(babel)             in language append on input line 249.
Package babel Info: Redefining russian shorthand "|
(babel)             in language append on input line 249.
Package babel Info: Redefining russian shorthand "~
(babel)             in language append on input line 249.

[10 <./fig/spec3_1.png> <./fig/spec3_2.png>]
Package babel Info: Redefining russian shorthand "|
(babel)             in language append on input line 251.
Package babel Info: Redefining russian shorthand "~
(babel)             in language append on input line 251.
 (listings/m5.m)
<fig/g_4.png, id=295, 482.80376pt x 391.4625pt>
File: fig/g_4.png Graphic file (type png)
 <use fig/g_4.png>
Package pdftex.def Info: fig/g_4.png used on input line 262.
(pdftex.def)             Requested size: 337.96033pt x 274.02187pt.
Package babel Info: Redefining russian shorthand "|
(babel)             in language append on input line 267.
Package babel Info: Redefining russian shorthand "~
(babel)             in language append on input line 267.
Package babel Info: Redefining russian shorthand "|
(babel)             in language append on input line 267.
Package babel Info: Redefining russian shorthand "~
(babel)             in language append on input line 267.
 [11 <./fig/spec3_3.png>] <fig/spec4.png, id=313, 368.87813pt x 292.09125pt>
File: fig/spec4.png Graphic file (type png)

<use fig/spec4.png>
Package pdftex.def Info: fig/spec4.png used on input line 271.
(pdftex.def)             Requested size: 258.21292pt x 204.46246pt.
Package babel Info: Redefining russian shorthand "|
(babel)             in language append on input line 278.
Package babel Info: Redefining russian shorthand "~
(babel)             in language append on input line 278.
 (listings/m6.m
Package babel Info: Redefining russian shorthand "|
(babel)             in language append on input line 3.
Package babel Info: Redefining russian shorthand "~
(babel)             in language append on input line 3.
Package babel Info: Redefining russian shorthand "|
(babel)             in language append on input line 3.
Package babel Info: Redefining russian shorthand "~
(babel)             in language append on input line 3.
 [12 <./fig/g_4.png (PNG copy)> <./fig/spec4.png>]) <fig/g_5.png, id=323, 483.8
075pt x 381.425pt>
File: fig/g_5.png Graphic file (type png)
 <use fig/g_5.png>
Package pdftex.def Info: fig/g_5.png used on input line 289.
(pdftex.def)             Requested size: 338.66293pt x 266.99567pt.

<fig/spec5.png, id=324, 370.38374pt x 293.59688pt>
File: fig/spec5.png Graphic file (type png)
 <use fig/spec5.png>
Package pdftex.def Info: fig/spec5.png used on input line 298.
(pdftex.def)             Requested size: 259.26685pt x 205.5164pt.
Package babel Info: Redefining russian shorthand "|
(babel)             in language append on input line 303.
Package babel Info: Redefining russian shorthand "~
(babel)             in language append on input line 303.
Package babel Info: Redefining russian shorthand "|
(babel)             in language append on input line 303.
Package babel Info: Redefining russian shorthand "~
(babel)             in language append on input line 303.
 [13 <./fig/g_5.png (PNG copy)>]
Package babel Info: Redefining russian shorthand "|
(babel)             in language append on input line 305.
Package babel Info: Redefining russian shorthand "~
(babel)             in language append on input line 305.
 (listings/m7.m)
<fig/g_6_1.png, id=340, 481.8pt x 385.44pt>
File: fig/g_6_1.png Graphic file (type png)
 <use fig/g_6_1.png>
Package pdftex.def Info: fig/g_6_1.png used on input line 316.
(pdftex.def)             Requested size: 337.25769pt x 269.80615pt.

<fig/g_6_2.png, id=341, 391.4625pt x 298.11375pt>
File: fig/g_6_2.png Graphic file (type png)
 <use fig/g_6_2.png>
Package pdftex.def Info: fig/g_6_2.png used on input line 323.
(pdftex.def)             Requested size: 274.02187pt x 208.67819pt.
Package babel Info: Redefining russian shorthand "|
(babel)             in language append on input line 327.
Package babel Info: Redefining russian shorthand "~
(babel)             in language append on input line 327.
Package babel Info: Redefining russian shorthand "|
(babel)             in language append on input line 327.
Package babel Info: Redefining russian shorthand "~
(babel)             in language append on input line 327.
 [14 <./fig/spec5.png>]
Package babel Info: Redefining russian shorthand "|
(babel)             in language append on input line 330.
Package babel Info: Redefining russian shorthand "~
(babel)             in language append on input line 330.
 (listings/m8.m
Package babel Info: Redefining russian shorthand "|
(babel)             in language append on input line 5.
Package babel Info: Redefining russian shorthand "~
(babel)             in language append on input line 5.
Package babel Info: Redefining russian shorthand "|
(babel)             in language append on input line 5.
Package babel Info: Redefining russian shorthand "~
(babel)             in language append on input line 5.
 [15 <./fig/g_6_1.png (PNG copy)> <./fig/g_6_2.png>]) <fig/g_7_1.png, id=369, 4
85.815pt x 384.43625pt>
File: fig/g_7_1.png Graphic file (type png)
 <use fig/g_7_1.png>
Package pdftex.def Info: fig/g_7_1.png used on input line 341.
(pdftex.def)             Requested size: 340.06818pt x 269.10353pt.

<fig/g_7_2.png, id=370, 490.83376pt x 383.4325pt>
File: fig/g_7_2.png Graphic file (type png)
 <use fig/g_7_2.png>
Package pdftex.def Info: fig/g_7_2.png used on input line 348.
(pdftex.def)             Requested size: 343.58128pt x 268.40092pt.
Package babel Info: Redefining russian shorthand "|
(babel)             in language append on input line 353.
Package babel Info: Redefining russian shorthand "~
(babel)             in language append on input line 353.
Package babel Info: Redefining russian shorthand "|
(babel)             in language append on input line 353.
Package babel Info: Redefining russian shorthand "~
(babel)             in language append on input line 353.
 [16 <./fig/g_7_1.png (PNG copy)>]
Package babel Info: Redefining russian shorthand "|
(babel)             in language append on input line 355.
Package babel Info: Redefining russian shorthand "~
(babel)             in language append on input line 355.
 (listings/m9.m)
<fig/g_8_1.png, id=392, 486.81876pt x 384.43625pt>
File: fig/g_8_1.png Graphic file (type png)
 <use fig/g_8_1.png>
Package pdftex.def Info: fig/g_8_1.png used on input line 366.
(pdftex.def)             Requested size: 340.7708pt x 269.10353pt.

<fig/spec8_1.png, id=393, 362.85562pt x 293.59688pt>
File: fig/spec8_1.png Graphic file (type png)
 <use fig/spec8_1.png>
Package pdftex.def Info: fig/spec8_1.png used on input line 373.
(pdftex.def)             Requested size: 253.99721pt x 205.5164pt.
Package babel Info: Redefining russian shorthand "|
(babel)             in language append on input line 377.
Package babel Info: Redefining russian shorthand "~
(babel)             in language append on input line 377.
Package babel Info: Redefining russian shorthand "|
(babel)             in language append on input line 377.
Package babel Info: Redefining russian shorthand "~
(babel)             in language append on input line 377.

[17 <./fig/g_7_2.png (PNG copy)>] (listings/m10.m
Package babel Info: Redefining russian shorthand "|
(babel)             in language append on input line 7.
Package babel Info: Redefining russian shorthand "~
(babel)             in language append on input line 7.
Package babel Info: Redefining russian shorthand "|
(babel)             in language append on input line 7.
Package babel Info: Redefining russian shorthand "~
(babel)             in language append on input line 7.
 [18 <./fig/g_8_1.png (PNG copy)> <./fig/spec8_1.png>]) <fig/g_8_2.png, id=426,
 486.81876pt x 385.44pt>
File: fig/g_8_2.png Graphic file (type png)

<use fig/g_8_2.png>
Package pdftex.def Info: fig/g_8_2.png used on input line 389.
(pdftex.def)             Requested size: 340.7708pt x 269.80615pt.
 <fig/spec8_2.png, id=427, 368.1253pt x 295.1025pt>
File: fig/spec8_2.png Graphic file (type png)

<use fig/spec8_2.png>
Package pdftex.def Info: fig/spec8_2.png used on input line 397.
(pdftex.def)             Requested size: 257.68596pt x 206.57033pt.
Package babel Info: Redefining russian shorthand "|
(babel)             in language append on input line 402.
Package babel Info: Redefining russian shorthand "~
(babel)             in language append on input line 402.
Package babel Info: Redefining russian shorthand "|
(babel)             in language append on input line 402.
Package babel Info: Redefining russian shorthand "~
(babel)             in language append on input line 402.
 [19 <./fig/g_8_2.png (PNG copy)>]
Package babel Info: Redefining russian shorthand "|
(babel)             in language append on input line 405.
Package babel Info: Redefining russian shorthand "~
(babel)             in language append on input line 405.
 (listings/m11.m)
<fig/g_9_1.png, id=441, 382.42876pt x 292.84406pt>
File: fig/g_9_1.png Graphic file (type png)
 <use fig/g_9_1.png>
Package pdftex.def Info: fig/g_9_1.png used on input line 416.
(pdftex.def)             Requested size: 267.69829pt x 204.98944pt.
Package babel Info: Redefining russian shorthand "|
(babel)             in language append on input line 421.
Package babel Info: Redefining russian shorthand "~
(babel)             in language append on input line 421.
Package babel Info: Redefining russian shorthand "|
(babel)             in language append on input line 421.
Package babel Info: Redefining russian shorthand "~
(babel)             in language append on input line 421.
 [20 <./fig/spec8_2.png>] <fig/spec9_1.png, id=460, 386.19281pt x 297.36093pt>
File: fig/spec9_1.png Graphic file (type png)

<use fig/spec9_1.png>
Package pdftex.def Info: fig/spec9_1.png used on input line 424.
(pdftex.def)             Requested size: 270.33311pt x 208.15123pt.
 (listings/m12.m)
Package babel Info: Redefining russian shorthand "|
(babel)             in language append on input line 435.
Package babel Info: Redefining russian shorthand "~
(babel)             in language append on input line 435.
Package babel Info: Redefining russian shorthand "|
(babel)             in language append on input line 435.
Package babel Info: Redefining russian shorthand "~
(babel)             in language append on input line 435.
 [21 <./fig/g_9_1.png> <./fig/spec9_1.png>] <fig/g_9_2.png, id=478, 388.45125pt
 x 289.08pt>
File: fig/g_9_2.png Graphic file (type png)
 <use fig/g_9_2.png>
Package pdftex.def Info: fig/g_9_2.png used on input line 439.
(pdftex.def)             Requested size: 271.914pt x 202.35461pt.

<fig/spec9_2.png, id=479, 380.17032pt x 295.1025pt>
File: fig/spec9_2.png Graphic file (type png)
 <use fig/spec9_2.png>
Package pdftex.def Info: fig/spec9_2.png used on input line 446.
(pdftex.def)             Requested size: 266.1174pt x 206.57033pt.
Package babel Info: Redefining russian shorthand "|
(babel)             in language append on input line 452.
Package babel Info: Redefining russian shorthand "~
(babel)             in language append on input line 452.

(listings/m13.m
Package babel Info: Redefining russian shorthand "|
(babel)             in language append on input line 9.
Package babel Info: Redefining russian shorthand "~
(babel)             in language append on input line 9.
Package babel Info: Redefining russian shorthand "|
(babel)             in language append on input line 9.
Package babel Info: Redefining russian shorthand "~
(babel)             in language append on input line 9.
 [22 <./fig/g_9_2.png> <./fig/spec9_2.png>])
<fig/g_10_1.png, id=493, 482.80376pt x 396.48125pt>
File: fig/g_10_1.png Graphic file (type png)
 <use fig/g_10_1.png>
Package pdftex.def Info: fig/g_10_1.png used on input line 463.
(pdftex.def)             Requested size: 337.96033pt x 277.53497pt.

<fig/g_10_2.png, id=494, 478.78876pt x 394.47375pt>
File: fig/g_10_2.png Graphic file (type png)
 <use fig/g_10_2.png>
Package pdftex.def Info: fig/g_10_2.png used on input line 470.
(pdftex.def)             Requested size: 335.14984pt x 276.12973pt.
Package babel Info: Redefining russian shorthand "|
(babel)             in language append on input line 475.
Package babel Info: Redefining russian shorthand "~
(babel)             in language append on input line 475.
Package babel Info: Redefining russian shorthand "|
(babel)             in language append on input line 475.
Package babel Info: Redefining russian shorthand "~
(babel)             in language append on input line 475.

[23 <./fig/g_10_1.png (PNG copy)>]
<fig/spec10_1.png, id=508, 377.91188pt x 296.60812pt>
File: fig/spec10_1.png Graphic file (type png)
 <use fig/spec10_1.png>
Package pdftex.def Info: fig/spec10_1.png used on input line 479.
(pdftex.def)             Requested size: 264.5365pt x 207.62427pt.

<fig/spec10_2.png, id=509, 374.90062pt x 293.59688pt>
File: fig/spec10_2.png Graphic file (type png)
 <use fig/spec10_2.png>
Package pdftex.def Info: fig/spec10_2.png used on input line 486.
(pdftex.def)             Requested size: 262.42863pt x 205.5164pt.
Package babel Info: Redefining russian shorthand "|
(babel)             in language append on input line 491.
Package babel Info: Redefining russian shorthand "~
(babel)             in language append on input line 491.
Package babel Info: Redefining russian shorthand "|
(babel)             in language append on input line 491.
Package babel Info: Redefining russian shorthand "~
(babel)             in language append on input line 491.

[24 <./fig/g_10_2.png (PNG copy)> <./fig/spec10_1.png>]
Package babel Info: Redefining russian shorthand "|
(babel)             in language append on input line 492.
Package babel Info: Redefining russian shorthand "~
(babel)             in language append on input line 492.
 (listings/m14.m)
<fig/g_11_1.png, id=518, 389.20406pt x 307.90031pt>
File: fig/g_11_1.png Graphic file (type png)
 <use fig/g_11_1.png>
Package pdftex.def Info: fig/g_11_1.png used on input line 503.
(pdftex.def)             Requested size: 272.44098pt x 215.52873pt.

<fig/g_11_2.png, id=519, 391.4625pt x 307.1475pt>
File: fig/g_11_2.png Graphic file (type png)
 <use fig/g_11_2.png>
Package pdftex.def Info: fig/g_11_2.png used on input line 510.
(pdftex.def)             Requested size: 274.02187pt x 215.00177pt.
Package babel Info: Redefining russian shorthand "|
(babel)             in language append on input line 514.
Package babel Info: Redefining russian shorthand "~
(babel)             in language append on input line 514.
Package babel Info: Redefining russian shorthand "|
(babel)             in language append on input line 514.
Package babel Info: Redefining russian shorthand "~
(babel)             in language append on input line 514.
 [25 <./fig/spec10_2.png>] <fig/g_11_3.png, id=546, 395.22656pt x 308.65312pt>
File: fig/g_11_3.png Graphic file (type png)

<use fig/g_11_3.png>
Package pdftex.def Info: fig/g_11_3.png used on input line 517.
(pdftex.def)             Requested size: 276.6567pt x 216.0557pt.
Package babel Info: Redefining russian shorthand "|
(babel)             in language append on input line 522.
Package babel Info: Redefining russian shorthand "~
(babel)             in language append on input line 522.
Package babel Info: Redefining russian shorthand "|
(babel)             in language append on input line 522.
Package babel Info: Redefining russian shorthand "~
(babel)             in language append on input line 522.
 [26 <./fig/g_11_1.png> <./fig/g_11_2.png>]
Package babel Info: Redefining russian shorthand "|
(babel)             in language append on input line 524.
Package babel Info: Redefining russian shorthand "~
(babel)             in language append on input line 524.

(listings/mCorr.m
Package babel Info: Redefining russian shorthand "|
(babel)             in language append on input line 29.
Package babel Info: Redefining russian shorthand "~
(babel)             in language append on input line 29.
Package babel Info: Redefining russian shorthand "|
(babel)             in language append on input line 29.
Package babel Info: Redefining russian shorthand "~
(babel)             in language append on input line 29.
 [27 <./fig/g_11_3.png>])
Package babel Info: Redefining russian shorthand "|
(babel)             in language append on input line 536.
Package babel Info: Redefining russian shorthand "~
(babel)             in language append on input line 536.


Package caption Warning: Unused \captionsetup[table] on input line 65.
See the caption package documentation for explanation.

Package atveryend Info: Empty hook `BeforeClearDocument' on input line 544.
Package babel Info: Redefining russian shorthand "|
(babel)             in language append on input line 544.
Package babel Info: Redefining russian shorthand "~
(babel)             in language append on input line 544.
Package babel Info: Redefining russian shorthand "|
(babel)             in language append on input line 544.
Package babel Info: Redefining russian shorthand "~
(babel)             in language append on input line 544.
[28]
Package atveryend Info: Empty hook `AfterLastShipout' on input line 544.
 (report.aux (titlepage.aux) (ToC.aux))
Package atveryend Info: Executing hook `AtVeryEndDocument' on input line 544.
Package atveryend Info: Executing hook `AtEndAfterFileList' on input line 544.
Package rerunfilecheck Info: File `report.out' has not changed.
(rerunfilecheck)             Checksum: 95730E74D0E7E95EEBEB594FD94C9272;6234.


LaTeX Warning: There were undefined references.

Package atveryend Info: Empty hook `AtVeryVeryEnd' on input line 544.
 ) 
Here is how much of TeX's memory you used:
 16228 strings out of 493333
 228668 string characters out of 3130577
 385359 words of memory out of 3000000
 19153 multiletter control sequences out of 15000+200000
 19646 words of font info for 52 fonts, out of 3000000 for 9000
 1141 hyphenation exceptions out of 8191
 40i,7n,51p,978b,1150s stack positions out of 5000i,500n,10000p,200000b,50000s
 <C:\Users\Alex\AppData\Local\MiKTeX\2.9\fonts\pk\ljfour\lh\lh-t2a\dpi600\lab
x1000.pk> <C:\Users\Alex\AppData\Local\MiKTeX\2.9\fonts\pk\ljfour\lh\lh-t2a\dpi
600\larm1000.pk> <C:\Users\Alex\AppData\Local\MiKTeX\2.9\fonts\pk\ljfour\unknow
n\unknown\dpi600\larm1200.pk> <C:\Users\Alex\AppData\Local\MiKTeX\2.9\fonts\pk\
ljfour\lh\lh-t2a\dpi600\labx1200.pk> <C:\Users\Alex\AppData\Local\MiKTeX\2.9\fo
nts\pk\ljfour\lh\lh-t2a\dpi600\labx1728.pk> <C:\Users\Alex\AppData\Local\MiKTeX
\2.9\fonts\pk\ljfour\lh\lh-t2a\dpi600\labx1440.pk> <C:\Users\Alex\AppData\Local
\MiKTeX\2.9\fonts\pk\ljfour\lh\lh-t2a\dpi600\larm2488.pk> <C:\Users\Alex\AppDat
a\Local\MiKTeX\2.9\fonts\pk\ljfour\lh\lh-t2a\dpi600\larm1440.pk><C:/Users/Alex/
AppData/Local/Programs/MiKTeX 2.9/fonts/type1/public/amsfonts/cm/cmex10.pfb><C:
/Users/Alex/AppData/Local/Programs/MiKTeX 2.9/fonts/type1/public/amsfonts/cm/cm
mi12.pfb><C:/Users/Alex/AppData/Local/Programs/MiKTeX 2.9/fonts/type1/public/am
sfonts/cm/cmmi6.pfb><C:/Users/Alex/AppData/Local/Programs/MiKTeX 2.9/fonts/type
1/public/amsfonts/cm/cmmi8.pfb><C:/Users/Alex/AppData/Local/Programs/MiKTeX 2.9
/fonts/type1/public/amsfonts/cm/cmr12.pfb><C:/Users/Alex/AppData/Local/Programs
/MiKTeX 2.9/fonts/type1/public/amsfonts/cm/cmr6.pfb><C:/Users/Alex/AppData/Loca
l/Programs/MiKTeX 2.9/fonts/type1/public/amsfonts/cm/cmr8.pfb><C:/Users/Alex/Ap
pData/Local/Programs/MiKTeX 2.9/fonts/type1/public/amsfonts/cm/cmsy10.pfb><C:/U
sers/Alex/AppData/Local/Programs/MiKTeX 2.9/fonts/type1/public/amsfonts/cm/cmsy
6.pfb><C:/Users/Alex/AppData/Local/Programs/MiKTeX 2.9/fonts/type1/public/amsfo
nts/cm/cmsy8.pfb><C:/Users/Alex/AppData/Local/Programs/MiKTeX 2.9/fonts/type1/p
ublic/amsfonts/symbols/msam10.pfb>
Output written on report.pdf (29 pages, 795730 bytes).
PDF statistics:
 1079 PDF objects out of 1200 (max. 8388607)
 330 named destinations out of 1000 (max. 500000)
 374 words of extra memory for PDF output out of 10000 (max. 10000000)

